
  .   ____          _            __ _ _
 /\\ / ___'_ __ _ _(_)_ __  __ _ \ \ \ \
( ( )\___ | '_ | '_| | '_ \/ _` | \ \ \ \
 \\/  ___)| |_)| | | | | || (_| |  ) ) ) )
  '  |____| .__|_| |_|_| |_\__, | / / / /
 =========|_|==============|___/=/_/_/_/

 :: Spring Boot ::                (v3.5.0)

2026-05-23T19:32:01.860+05:30  INFO 43135 --- [sample-application] [           main] com.youorg.sampleapp.SampleApplication   : Starting SampleApplication v1.0.0 using Java 21.0.10 with PID 43135 (/home/artham/projects/sb01/self-healing-platform/sample-application/target/sample-application-1.0.0.jar started by artham in /home/artham/projects/sb01/self-healing-platform/sample-application)
2026-05-23T19:32:01.864+05:30  INFO 43135 --- [sample-application] [           main] com.youorg.sampleapp.SampleApplication   : No active profile set, falling back to 1 default profile: "default"
2026-05-23T19:32:04.055+05:30  INFO 43135 --- [sample-application] [           main] o.s.b.w.embedded.tomcat.TomcatWebServer  : Tomcat initialized with port 8080 (http)
2026-05-23T19:32:04.077+05:30  INFO 43135 --- [sample-application] [           main] o.apache.catalina.core.StandardService   : Starting service [Tomcat]
2026-05-23T19:32:04.078+05:30  INFO 43135 --- [sample-application] [           main] o.apache.catalina.core.StandardEngine    : Starting Servlet engine: [Apache Tomcat/10.1.41]
2026-05-23T19:32:04.125+05:30  INFO 43135 --- [sample-application] [           main] o.a.c.c.C.[Tomcat].[localhost].[/]       : Initializing Spring embedded WebApplicationContext
2026-05-23T19:32:04.127+05:30  INFO 43135 --- [sample-application] [           main] w.s.c.ServletWebServerApplicationContext : Root WebApplicationContext: initialization completed in 2165 ms
2026-05-23T19:32:05.218+05:30  INFO 43135 --- [sample-application] [           main] o.s.b.a.e.web.EndpointLinksResolver      : Exposing 1 endpoint beneath base path '/actuator'
2026-05-23T19:32:05.363+05:30  INFO 43135 --- [sample-application] [           main] o.s.b.w.embedded.tomcat.TomcatWebServer  : Tomcat started on port 8080 (http) with context path '/'
2026-05-23T19:32:05.408+05:30  INFO 43135 --- [sample-application] [           main] com.youorg.sampleapp.SampleApplication   : Started SampleApplication in 4.665 seconds (process running for 5.695)
2026-05-23T19:32:36.774+05:30  INFO 43135 --- [sample-application] [nio-8080-exec-1] o.a.c.c.C.[Tomcat].[localhost].[/]       : Initializing Spring DispatcherServlet 'dispatcherServlet'
2026-05-23T19:32:36.775+05:30  INFO 43135 --- [sample-application] [nio-8080-exec-1] o.s.web.servlet.DispatcherServlet        : Initializing Servlet 'dispatcherServlet'
2026-05-23T19:32:36.777+05:30  INFO 43135 --- [sample-application] [nio-8080-exec-1] o.s.web.servlet.DispatcherServlet        : Completed initialization in 2 ms
2026-05-23T19:37:12.798+05:30  INFO 43135 --- [sample-application] [ionShutdownHook] o.s.b.w.e.tomcat.GracefulShutdown        : Commencing graceful shutdown. Waiting for active requests to complete
2026-05-23T19:37:12.807+05:30  INFO 43135 --- [sample-application] [tomcat-shutdown] o.s.b.w.e.tomcat.GracefulShutdown        : Graceful shutdown complete
